# JRE version: OpenJDK Runtime Environment (8.0_242-b01) (build 1.8.0_242-release-1644-b01)
# Java VM: OpenJDK 64-Bit Server VM (25.242-b01 mixed mode windows-amd64 compressed oops)
Heap:
 PSYoungGen      total 577536K, used 169106K [0x00000000d5580000, 0x0000000100000000, 0x0000000100000000)
  eden space 482816K, 21% used [0x00000000d5580000,0x00000000dbbc50c0,0x00000000f2d00000)
  from space 94720K, 67% used [0x00000000fa380000,0x00000000fe25f828,0x0000000100000000)
  to   space 108032K, 0% used [0x00000000f2d00000,0x00000000f2d00000,0x00000000f9680000)
 ParOldGen       total 455168K, used 316318K [0x0000000080000000, 0x000000009bc80000, 0x00000000d5580000)
  object space 455168K, 69% used [0x0000000080000000,0x00000000934e7b80,0x000000009bc80000)
 Metaspace       used 129523K, capacity 139440K, committed 139800K, reserved 1171456K
  class space    used 16324K, capacity 18112K, committed 18224K, reserved 1048576K
GC Heap History (10 events):
Event: 53378.995 GC heap before
{Heap before GC invocations=85 (full 5):
 PSYoungGen      total 586752K, used 507021K [0x00000000d5580000, 0x0000000100000000, 0x0000000100000000)
  eden space 487936K, 100% used [0x00000000d5580000,0x00000000f3200000,0x00000000f3200000)
  from space 98816K, 19% used [0x00000000f3200000,0x00000000f44a34d0,0x00000000f9280000)
  to   space 94720K, 0% used [0x00000000fa380000,0x00000000fa380000,0x0000000100000000)
 ParOldGen       total 455168K, used 257137K [0x0000000080000000, 0x000000009bc80000, 0x00000000d5580000)
  object space 455168K, 56% used [0x0000000080000000,0x000000008fb1c5f0,0x000000009bc80000)
 Metaspace       used 123181K, capacity 132438K, committed 132760K, reserved 1165312K
  class space    used 15587K, capacity 17259K, committed 17328K, reserved 1048576K
Event: 53379.174 GC heap after
Heap after GC invocations=85 (full 5):
 PSYoungGen      total 587776K, used 18089K [0x00000000d5580000, 0x00000000ff400000, 0x0000000100000000)
  eden space 505344K, 0% used [0x00000000d5580000,0x00000000d5580000,0x00000000f4300000)
  from space 82432K, 21% used [0x00000000fa380000,0x00000000fb52a560,0x00000000ff400000)
  to   space 90624K, 0% used [0x00000000f4300000,0x00000000f4300000,0x00000000f9b80000)
 ParOldGen       total 455168K, used 257798K [0x0000000080000000, 0x000000009bc80000, 0x00000000d5580000)
  object space 455168K, 56% used [0x0000000080000000,0x000000008fbc1a70,0x000000009bc80000)
 Metaspace       used 123181K, capacity 132438K, committed 132760K, reserved 1165312K
  class space    used 15587K, capacity 17259K, committed 17328K, reserved 1048576K
}
Event: 53538.933 GC heap before
{Heap before GC invocations=86 (full 5):
 PSYoungGen      total 587776K, used 523433K [0x00000000d5580000, 0x00000000ff400000, 0x0000000100000000)
  eden space 505344K, 100% used [0x00000000d5580000,0x00000000f4300000,0x00000000f4300000)
  from space 82432K, 21% used [0x00000000fa380000,0x00000000fb52a560,0x00000000ff400000)
  to   space 90624K, 0% used [0x00000000f4300000,0x00000000f4300000,0x00000000f9b80000)
 ParOldGen       total 455168K, used 257798K [0x0000000080000000, 0x000000009bc80000, 0x00000000d5580000)
  object space 455168K, 56% used [0x0000000080000000,0x000000008fbc1a70,0x000000009bc80000)
 Metaspace       used 123247K, capacity 132502K, committed 132760K, reserved 1165312K
  class space    used 15590K, capacity 17259K, committed 17328K, reserved 1048576K
Event: 53539.713 GC heap after
Heap after GC invocations=86 (full 5):
 PSYoungGen      total 595968K, used 20987K [0x00000000d5580000, 0x0000000100000000, 0x0000000100000000)
  eden space 505344K, 0% used [0x00000000d5580000,0x00000000d5580000,0x00000000f4300000)
  from space 90624K, 23% used [0x00000000f4300000,0x00000000f577ef48,0x00000000f9b80000)
  to   space 86528K, 0% used [0x00000000fab80000,0x00000000fab80000,0x0000000100000000)
 ParOldGen       total 455168K, used 258364K [0x0000000080000000, 0x000000009bc80000, 0x00000000d5580000)
  object space 455168K, 56% used [0x0000000080000000,0x000000008fc4f060,0x000000009bc80000)
 Metaspace       used 123247K, capacity 132502K, committed 132760K, reserved 1165312K
  class space    used 15590K, capacity 17259K, committed 17328K, reserved 1048576K
}
Event: 53570.987 GC heap before
{Heap before GC invocations=87 (full 5):
 PSYoungGen      total 595968K, used 526331K [0x00000000d5580000, 0x0000000100000000, 0x0000000100000000)
  eden space 505344K, 100% used [0x00000000d5580000,0x00000000f4300000,0x00000000f4300000)
  from space 90624K, 23% used [0x00000000f4300000,0x00000000f577ef48,0x00000000f9b80000)
  to   space 86528K, 0% used [0x00000000fab80000,0x00000000fab80000,0x0000000100000000)
 ParOldGen       total 455168K, used 258364K [0x0000000080000000, 0x000000009bc80000, 0x00000000d5580000)
  object space 455168K, 56% used [0x0000000080000000,0x000000008fc4f060,0x000000009bc80000)
 Metaspace       used 123264K, capacity 132506K, committed 132760K, reserved 1165312K
  class space    used 15590K, capacity 17259K, committed 17328K, reserved 1048576K
Event: 53571.408 GC heap after
Heap after GC invocations=87 (full 5):
 PSYoungGen      total 595968K, used 20335K [0x00000000d5580000, 0x00000000ff400000, 0x0000000100000000)
  eden space 521728K, 0% used [0x00000000d5580000,0x00000000d5580000,0x00000000f5300000)
  from space 74240K, 27% used [0x00000000fab80000,0x00000000fbf5bdf0,0x00000000ff400000)
  to   space 82432K, 0% used [0x00000000f5300000,0x00000000f5300000,0x00000000fa380000)
 ParOldGen       total 455168K, used 259033K [0x0000000080000000, 0x000000009bc80000, 0x00000000d5580000)
  object space 455168K, 56% used [0x0000000080000000,0x000000008fcf6670,0x000000009bc80000)
 Metaspace       used 123264K, capacity 132506K, committed 132760K, reserved 1165312K
  class space    used 15590K, capacity 17259K, committed 17328K, reserved 1048576K
}
Event: 54037.850 GC heap before
{Heap before GC invocations=88 (full 5):
 PSYoungGen      total 595968K, used 542063K [0x00000000d5580000, 0x00000000ff400000, 0x0000000100000000)
  eden space 521728K, 100% used [0x00000000d5580000,0x00000000f5300000,0x00000000f5300000)
  from space 74240K, 27% used [0x00000000fab80000,0x00000000fbf5bdf0,0x00000000ff400000)
  to   space 82432K, 0% used [0x00000000f5300000,0x00000000f5300000,0x00000000fa380000)
 ParOldGen       total 455168K, used 259033K [0x0000000080000000, 0x000000009bc80000, 0x00000000d5580000)
  object space 455168K, 56% used [0x0000000080000000,0x000000008fcf6670,0x000000009bc80000)
 Metaspace       used 123283K, capacity 132506K, committed 132760K, reserved 1165312K
  class space    used 15590K, capacity 17259K, committed 17328K, reserved 1048576K
Event: 54041.906 GC heap after
Heap after GC invocations=88 (full 5):
 PSYoungGen      total 604160K, used 82403K [0x00000000d5580000, 0x0000000100000000, 0x0000000100000000)
  eden space 521728K, 0% used [0x00000000d5580000,0x00000000d5580000,0x00000000f5300000)
  from space 82432K, 99% used [0x00000000f5300000,0x00000000fa378d38,0x00000000fa380000)
  to   space 94720K, 0% used [0x00000000fa380000,0x00000000fa380000,0x0000000100000000)
 ParOldGen       total 455168K, used 279850K [0x0000000080000000, 0x000000009bc80000, 0x00000000d5580000)
  object space 455168K, 61% used [0x0000000080000000,0x000000009114a9d8,0x000000009bc80000)
 Metaspace       used 123283K, capacity 132506K, committed 132760K, reserved 1165312K
  class space    used 15590K, capacity 17259K, committed 17328K, reserved 1048576K
}
Event: 58017.356 GC heap before
{Heap before GC invocations=89 (full 5):
 PSYoungGen      total 604160K, used 604131K [0x00000000d5580000, 0x0000000100000000, 0x0000000100000000)
  eden space 521728K, 100% used [0x00000000d5580000,0x00000000f5300000,0x00000000f5300000)
  from space 82432K, 99% used [0x00000000f5300000,0x00000000fa378d38,0x00000000fa380000)
  to   space 94720K, 0% used [0x00000000fa380000,0x00000000fa380000,0x0000000100000000)
 ParOldGen       total 455168K, used 279850K [0x0000000080000000, 0x000000009bc80000, 0x00000000d5580000)
  object space 455168K, 61% used [0x0000000080000000,0x000000009114a9d8,0x000000009bc80000)
 Metaspace       used 128970K, capacity 138810K, committed 138904K, reserved 1169408K
  class space    used 16250K, capacity 18063K, committed 18096K, reserved 1048576K
Event: 58019.511 GC heap after
Heap after GC invocations=89 (full 5):
 PSYoungGen      total 577536K, used 64382K [0x00000000d5580000, 0x0000000100000000, 0x0000000100000000)
  eden space 482816K, 0% used [0x00000000d5580000,0x00000000d5580000,0x00000000f2d00000)
  from space 94720K, 67% used [0x00000000fa380000,0x00000000fe25f828,0x0000000100000000)
  to   space 108032K, 0% used [0x00000000f2d00000,0x00000000f2d00000,0x00000000f9680000)
 ParOldGen       total 455168K, used 316318K [0x0000000080000000, 0x000000009bc80000, 0x00000000d5580000)
  object space 455168K, 69% used [0x0000000080000000,0x00000000934e7b80,0x000000009bc80000)
 Metaspace       used 128970K, capacity 138810K, committed 138904K, reserved 1169408K
  class space    used 16250K, capacity 18063K, committed 18096K, reserved 1048576K
}

